<?xml version="1.0" encoding="UTF-8"?>
<!-- Generated by org.testng.reporters.JUnitReportReporter -->
<testsuite hostname="Nidhi" name="com.ylogo.testcases.TC01_Login_ylogo" tests="1" failures="0" timestamp="18 Sep 2020 15:06:48 GMT" time="6.450" errors="0">
  <testcase name="Login_ylogo_test" time="6.450" classname="com.ylogo.testcases.TC01_Login_ylogo"/>
</testsuite> <!-- com.ylogo.testcases.TC01_Login_ylogo -->
