<?xml version="1.0" encoding="UTF-8"?>
<!-- Generated by org.testng.reporters.JUnitReportReporter -->
<testsuite hostname="Nidhi" name="com.ylogo.testcases.TC02_Login_ylogo_DDT" tests="4" failures="0" timestamp="18 Sep 2020 15:47:03 GMT" time="23.359" errors="1">
  <testcase name="login_ylogo_DDT" time="7.935" classname="com.ylogo.testcases.TC02_Login_ylogo_DDT"/>
  <testcase name="login_ylogo_DDT" time="0.056" classname="com.ylogo.testcases.TC02_Login_ylogo_DDT">
    <error type="java.lang.IllegalArgumentException" message="Keys to send should be a not null CharSequence">
      <![CDATA[java.lang.IllegalArgumentException: Keys to send should be a not null CharSequence
	at org.openqa.selenium.remote.RemoteWebElement.sendKeys(RemoteWebElement.java:97)
	at sun.reflect.NativeMethodAccessorImpl.invoke0(Native Method)
	at sun.reflect.NativeMethodAccessorImpl.invoke(Unknown Source)
	at sun.reflect.DelegatingMethodAccessorImpl.invoke(Unknown Source)
	at java.lang.reflect.Method.invoke(Unknown Source)
	at org.openqa.selenium.support.pagefactory.internal.LocatingElementHandler.invoke(LocatingElementHandler.java:51)
	at com.sun.proxy.$Proxy10.sendKeys(Unknown Source)
	at com.ylogo.pages.Login_Page_ylogo.setUsername(Login_Page_ylogo.java:37)
	at com.ylogo.testcases.TC02_Login_ylogo_DDT.login_ylogo_DDT(TC02_Login_ylogo_DDT.java:24)
	at sun.reflect.NativeMethodAccessorImpl.invoke0(Native Method)
	at sun.reflect.NativeMethodAccessorImpl.invoke(Unknown Source)
	at sun.reflect.DelegatingMethodAccessorImpl.invoke(Unknown Source)
	at java.lang.reflect.Method.invoke(Unknown Source)
	at org.testng.internal.MethodInvocationHelper.invokeMethod(MethodInvocationHelper.java:86)
	at org.testng.internal.Invoker.invokeMethod(Invoker.java:643)
	at org.testng.internal.Invoker.invokeTestMethod(Invoker.java:820)
	at org.testng.internal.Invoker.invokeTestMethods(Invoker.java:1128)
	at org.testng.internal.TestMethodWorker.invokeTestMethods(TestMethodWorker.java:129)
	at org.testng.internal.TestMethodWorker.run(TestMethodWorker.java:112)
	at java.util.concurrent.ThreadPoolExecutor.runWorker(Unknown Source)
	at java.util.concurrent.ThreadPoolExecutor$Worker.run(Unknown Source)
	at java.lang.Thread.run(Unknown Source)
]]>
    </error>
  </testcase> <!-- login_ylogo_DDT -->
  <testcase name="login_ylogo_DDT" time="6.677" classname="com.ylogo.testcases.TC02_Login_ylogo_DDT"/>
  <testcase name="login_ylogo_DDT" time="8.691" classname="com.ylogo.testcases.TC02_Login_ylogo_DDT"/>
</testsuite> <!-- com.ylogo.testcases.TC02_Login_ylogo_DDT -->
